Build started 11/30/2016 1:32:56 PM.
     1>Project "G:\Temp\usingPipes\usingPipes\usingPipes.vcxproj" on node 2 (build target(s)).
     1>PrepareForBuild:
         Creating directory "G:\Temp\usingPipes\Debug\".
       InitializeBuildStatus:
         Creating "Debug\usingPipes.unsuccessfulbuild" because "AlwaysCreate" was specified.
       ClCompile:
         c:\Program Files (x86)\Microsoft Visual Studio 10.0\VC\bin\CL.exe /c /ZI /nologo /W3 /WX- /Od /Oy- /D WIN32 /D _DEBUG /D _CONSOLE /D _UNICODE /D UNICODE /Gm /EHsc /RTC1 /MDd /GS /fp:precise /Zc:wchar_t /Zc:forScope /Fo"Debug\\" /Fd"Debug\vc100.pdb" /Gd /TC /analyze- /errorReport:prompt usingPipes.c
         usingPipes.c
     1>g:\temp\usingpipes\usingpipes\usingpipes.c(6): warning C4013: 'strerror' undefined; assuming extern returning int
     1>g:\temp\usingpipes\usingpipes\usingpipes.c(12): warning C4996: 'sprintf': This function or variable may be unsafe. Consider using sprintf_s instead. To disable deprecation, use _CRT_SECURE_NO_WARNINGS. See online help for details.
                 c:\program files (x86)\microsoft visual studio 10.0\vc\include\stdio.h(371) : see declaration of 'sprintf'
     1>g:\temp\usingpipes\usingpipes\usingpipes.c(14): warning C4996: 'sprintf': This function or variable may be unsafe. Consider using sprintf_s instead. To disable deprecation, use _CRT_SECURE_NO_WARNINGS. See online help for details.
                 c:\program files (x86)\microsoft visual studio 10.0\vc\include\stdio.h(371) : see declaration of 'sprintf'
     1>g:\temp\usingpipes\usingpipes\usingpipes.c(16): warning C4996: 'sprintf': This function or variable may be unsafe. Consider using sprintf_s instead. To disable deprecation, use _CRT_SECURE_NO_WARNINGS. See online help for details.
                 c:\program files (x86)\microsoft visual studio 10.0\vc\include\stdio.h(371) : see declaration of 'sprintf'
     1>g:\temp\usingpipes\usingpipes\usingpipes.c(25): error C2065: 'pid_t' : undeclared identifier
     1>g:\temp\usingpipes\usingpipes\usingpipes.c(25): error C2146: syntax error : missing ';' before identifier 'pid'
     1>g:\temp\usingpipes\usingpipes\usingpipes.c(25): error C2065: 'pid' : undeclared identifier
     1>g:\temp\usingpipes\usingpipes\usingpipes.c(25): warning C4013: 'fork' undefined; assuming extern returning int
     1>g:\temp\usingpipes\usingpipes\usingpipes.c(26): error C2065: 'pid' : undeclared identifier
     1>g:\temp\usingpipes\usingpipes\usingpipes.c(30): error C2065: 'pid' : undeclared identifier
     1>g:\temp\usingpipes\usingpipes\usingpipes.c(31): warning C4013: 'dup2' undefined; assuming extern returning int
     1>g:\temp\usingpipes\usingpipes\usingpipes.c(32): warning C4013: 'close' undefined; assuming extern returning int
     1>g:\temp\usingpipes\usingpipes\usingpipes.c(34): warning C4013: 'execle' undefined; assuming extern returning int
     1>g:\temp\usingpipes\usingpipes\usingpipes.c(42): error C2143: syntax error : missing ';' before 'type'
     1>g:\temp\usingpipes\usingpipes\usingpipes.c(43): error C2065: 'line' : undeclared identifier
     1>g:\temp\usingpipes\usingpipes\usingpipes.c(43): warning C4047: 'function' : 'char *' differs in levels of indirection from 'int'
     1>g:\temp\usingpipes\usingpipes\usingpipes.c(43): warning C4024: 'fgets' : different types for formal and actual parameter 1
     1>g:\temp\usingpipes\usingpipes\usingpipes.c(44): error C2065: 'line' : undeclared identifier
     1>g:\temp\usingpipes\usingpipes\usingpipes.c(44): error C2109: subscript requires array or pointer type
     1>g:\temp\usingpipes\usingpipes\usingpipes.c(45): error C2065: 'line' : undeclared identifier
     1>g:\temp\usingpipes\usingpipes\usingpipes.c(45): warning C4047: 'function' : 'char *' differs in levels of indirection from 'int'
     1>g:\temp\usingpipes\usingpipes\usingpipes.c(45): warning C4024: 'open_url' : different types for formal and actual parameter 1
     1>Done Building Project "G:\Temp\usingPipes\usingPipes\usingPipes.vcxproj" (build target(s)) -- FAILED.

Build FAILED.

Time Elapsed 00:00:01.03
